<?xml version="1.0" encoding="UTF-8"?>
<testsuite name="Google" tests="1" skipped="0" failures="0" errors="0" timestamp="2022-04-06T14:59:15" hostname="DESKTOP-4G4F0UF" time="8.691">
  <properties/>
  <testcase name="Go to google" classname="Google" time="8.691"/>
  <system-out><![CDATA[
Scenario: Go to google                       # src/test/resources/Google.feature:2

  Given I redirect to google page            # steps.MyStepDefs.iRedirectToGooglePage()

  When I enter "google"                      # steps.MyStepDefs.iEnter(java.lang.String)

  And I click search                         # steps.MyStepDefs.iClickSearch()
  Then the google search should be displayed # steps.MyStepDefs.theGoogleSearchShouldBeDisplayed()
]]></system-out>
  <system-err><![CDATA[Starting ChromeDriver 100.0.4896.60 (6a5d10861ce8de5fce22564658033b43cb7de047-refs/branch-heads/4896@{#875}) on port 48724
Only local connections are allowed.
Please see https://chromedriver.chromium.org/security-considerations for suggestions on keeping ChromeDriver safe.
ChromeDriver was started successfully.
Apr 06, 2022 10:59:21 PM org.openqa.selenium.remote.ProtocolHandshake createSession
INFO: Detected dialect: W3C
]]></system-err>
</testsuite>
