<?xml version="1.0" encoding="UTF-8"?>
<testsuite name="Registration Action" tests="1" skipped="0" failures="0" errors="0" timestamp="2022-04-07T15:35:48" hostname="DESKTOP-4G4F0UF" time="11.217">
  <properties/>
  <testcase name="Go to Parabank Landing Site" classname="Registration Action" time="11.217"/>
  <system-out><![CDATA[
Scenario: Go to Parabank Landing Site                         # src/test/resources/Login.feature:2
-----------------Start of Scenario-----------------

  Given I am on Parabank Home page                            # steps.MyStepDefs.iAmOnParabankHomePage()
  When I click on the Register Button                         # steps.MyStepDefs.iClickOnTheRegisterButton()

  And I enter "Roy" on First name field                       # steps.MyStepDefs.iEnterOnFirstNameField(java.lang.String)

  And I enter "Test" on Last name field                       # steps.MyStepDefs.iEnterOnLastNameField(java.lang.String)

  And I enter "Tondo" on Address Field                        # steps.MyStepDefs.iEnterOnAddressField(java.lang.String)

  And I enter "Manila" on City Field                          # steps.MyStepDefs.iEnterOnCityField(java.lang.String)

  And I enter "NCR" on State Field                            # steps.MyStepDefs.iEnterOnStateField(java.lang.String)

  And I enter "1008" on Zip code Field                        # steps.MyStepDefs.iEnterOnZipCodeField(java.lang.String)

  And I enter "12345678" on Phone number field                # steps.MyStepDefs.iEnterOnPhoneNumberField(java.lang.String)

  And I enter "122222" on SSN field                           # steps.MyStepDefs.iEnterOnSSNField(java.lang.String)

  And I enter "test_user1995" on Username field               # steps.MyStepDefs.iEnterOnUsernameField(java.lang.String)

  And I enter "password" on Password field                    # steps.MyStepDefs.iEnterOnPasswordField(java.lang.String)

  And I enter "password" on Confirm field                     # steps.MyStepDefs.iEnterOnConfirmField(java.lang.String)

  And I submit the form                                       # steps.MyStepDefs.iSubmitTheForm()
  Then the registration will be successful and I am Logged in # steps.MyStepDefs.theRegistrationWillBeSuccessfulAndIAmLoggedIn()
-----------------End of Scenario-----------------
]]></system-out>
  <system-err><![CDATA[Starting ChromeDriver 100.0.4896.60 (6a5d10861ce8de5fce22564658033b43cb7de047-refs/branch-heads/4896@{#875}) on port 23770
Only local connections are allowed.
Please see https://chromedriver.chromium.org/security-considerations for suggestions on keeping ChromeDriver safe.
ChromeDriver was started successfully.
Apr 07, 2022 11:35:49 PM org.openqa.selenium.remote.ProtocolHandshake createSession
INFO: Detected dialect: W3C
]]></system-err>
</testsuite>
